File                DER    JER    B3-Precision    B3-Recall    B3-F1    GKT(ref, sys)    GKT(sys, ref)    H(ref|sys)    H(sys|ref)    MI    NMI
----------------  -----  -----  --------------  -----------  -------  ---------------  ---------------  ------------  ------------  ----  -----
2006763            5.84   6.82            0.92         0.90     0.91             0.83             0.84          0.23          0.30  1.07   0.80
2011315           13.63  13.95            0.81         0.78     0.80             0.67             0.70          0.57          0.67  1.07   0.63
2024698            9.38  12.15            0.85         0.84     0.85             0.72             0.73          0.45          0.51  1.01   0.68
2025454           16.95  17.91            0.82         0.73     0.77             0.58             0.68          0.51          0.77  0.86   0.58
2036242            7.70   8.09            0.88         0.88     0.88             0.82             0.82          0.38          0.39  1.35   0.78
2039585            4.07   4.54            0.93         0.93     0.93             0.88             0.88          0.23          0.27  1.28   0.84
2051619            4.46   4.90            0.92         0.92     0.92             0.88             0.88          0.27          0.28  1.39   0.83
2104727           11.08  15.61            0.84         0.83     0.84             0.73             0.74          0.52          0.54  1.03   0.66
2122417            8.77   8.63            0.88         0.83     0.86             0.74             0.80          0.35          0.51  1.14   0.73
2157582           10.88  11.35            0.83         0.80     0.81             0.69             0.72          0.51          0.62  1.06   0.65
2169373           11.87  12.29            0.84         0.80     0.82             0.70             0.74          0.45          0.56  1.11   0.69
2178391           12.26  12.57            0.84         0.78     0.81             0.66             0.73          0.46          0.67  0.96   0.63
2190472            8.47   8.85            0.88         0.85     0.86             0.76             0.80          0.34          0.51  1.14   0.73
2215699           13.50  13.30            0.84         0.77     0.80             0.62             0.71          0.48          0.68  0.90   0.61
2234940            9.45  10.37            0.88         0.85     0.86             0.76             0.79          0.39          0.48  1.05   0.71
223504             4.04   7.24            0.94         0.92     0.93             0.78             0.81          0.17          0.27  0.67   0.75
2246689            4.95   5.46            0.92         0.92     0.92             0.87             0.87          0.25          0.28  1.17   0.82
2269962           14.59  15.43            0.84         0.75     0.79             0.57             0.66          0.45          0.71  0.79   0.58
2270892           10.05  17.48            0.84         0.84     0.84             0.72             0.72          0.50          0.49  0.97   0.66
2289810           10.27  13.32            0.83         0.81     0.82             0.69             0.70          0.53          0.60  1.02   0.64
2302262           11.39  11.91            0.84         0.81     0.82             0.70             0.74          0.45          0.57  1.08   0.68
2316003            6.29   7.72            0.91         0.89     0.90             0.83             0.84          0.30          0.37  1.11   0.77
2324000            8.24   8.80            0.88         0.87     0.87             0.81             0.82          0.40          0.44  1.29   0.76
2329079           11.80  15.09            0.81         0.81     0.81             0.68             0.68          0.56          0.58  0.87   0.60
2366663            4.57   4.99            0.93         0.92     0.93             0.87             0.88          0.24          0.28  1.19   0.82
2371885           13.10  13.84            0.83         0.80     0.81             0.66             0.70          0.47          0.63  0.97   0.64
2386630           13.80  14.64            0.79         0.77     0.78             0.66             0.68          0.62          0.69  1.06   0.62
2392867           14.18  14.38            0.83         0.78     0.81             0.66             0.71          0.48          0.58  0.98   0.65
2404173            5.80   6.24            0.89         0.89     0.89             0.82             0.83          0.35          0.38  1.26   0.78
2408483            9.28   9.88            0.85         0.84     0.84             0.73             0.75          0.44          0.51  1.06   0.69
2408885           14.27  21.79            0.78         0.78     0.78             0.63             0.63          0.58          0.61  0.78   0.57
2416907           10.59  11.00            0.79         0.80     0.80             0.69             0.68          0.62          0.61  1.07   0.64
2424071            8.90   8.15            0.92         0.83     0.87             0.68             0.81          0.24          0.49  0.91   0.72
2448528           15.80  15.14            0.79         0.73     0.76             0.59             0.66          0.59          0.79  0.94   0.58
2466350            9.81   9.90            0.85         0.83     0.84             0.75             0.77          0.43          0.52  1.25   0.73
2472267            7.04   8.33            0.89         0.88     0.89             0.81             0.82          0.35          0.42  1.14   0.75
2492647            8.76  14.63            0.87         0.86     0.86             0.73             0.73          0.40          0.47  0.87   0.67
2507155           10.50  10.60            0.87         0.84     0.86             0.76             0.79          0.37          0.49  1.13   0.73
2508371           10.34  10.72            0.86         0.83     0.84             0.72             0.76          0.42          0.55  1.05   0.69
2528779           10.33  10.75            0.89         0.83     0.86             0.59             0.68          0.31          0.49  0.64   0.62
2532454            9.99  11.53            0.83         0.86     0.84             0.77             0.73          0.57          0.44  1.11   0.69
2577003            7.75   9.65            0.88         0.87     0.87             0.79             0.80          0.39          0.44  1.11   0.73
2601006           15.60  16.71            0.81         0.76     0.78             0.61             0.65          0.54          0.69  0.87   0.59
2619976           16.30  23.32            0.77         0.72     0.75             0.46             0.50          0.68          0.82  0.59   0.44
2627977            7.76   8.08            0.90         0.88     0.89             0.80             0.82          0.29          0.40  1.14   0.77
2643195            4.30   5.46            0.94         0.93     0.93             0.89             0.90          0.22          0.27  1.28   0.84
2664826           15.08  16.69            0.80         0.75     0.78             0.59             0.64          0.57          0.68  0.90   0.59
2669941            6.83   9.54            0.88         0.88     0.88             0.80             0.80          0.41          0.39  1.17   0.74
2690095           17.83  19.96            0.82         0.72     0.77             0.49             0.57          0.49          0.76  0.68   0.53
2690429           13.42  14.37            0.73         0.76     0.75             0.63             0.59          0.70          0.66  0.99   0.59
2704391           11.78  13.78            0.84         0.83     0.83             0.74             0.76          0.51          0.57  1.15   0.68
2712340           18.82  23.64            0.76         0.69     0.72             0.51             0.57          0.69          0.88  0.75   0.49
2720729           18.23  20.25            0.72         0.71     0.72             0.56             0.56          0.77          0.80  0.91   0.54
2721916            8.41  10.45            0.88         0.88     0.88             0.81             0.82          0.36          0.42  1.18   0.75
2734345           11.18  11.41            0.85         0.81     0.83             0.69             0.74          0.42          0.51  1.07   0.70
2750528           10.75  10.69            0.87         0.81     0.84             0.66             0.73          0.37          0.54  0.96   0.68
2751425            7.59   8.87            0.89         0.87     0.88             0.79             0.81          0.35          0.41  1.08   0.74
2797430           13.99  25.94            0.79         0.78     0.78             0.51             0.53          0.64          0.69  0.60   0.48
2812107            7.78  15.15            0.88         0.88     0.88             0.74             0.75          0.40          0.42  0.85   0.68
2853413            6.35   7.31            0.88         0.88     0.88             0.81             0.81          0.40          0.42  1.29   0.76
2859562           11.54  11.76            0.85         0.81     0.83             0.71             0.75          0.41          0.53  1.08   0.70
2907609           13.94  22.87            0.81         0.79     0.80             0.60             0.64          0.55          0.64  0.77   0.56
2932147           23.56  29.77            0.66         0.64     0.65             0.47             0.46          0.90          1.04  0.75   0.44
2936185           12.50  14.37            0.81         0.79     0.80             0.66             0.69          0.57          0.67  0.96   0.61
2943043            6.98   7.44            0.89         0.88     0.88             0.80             0.81          0.36          0.41  1.20   0.76
2974366           10.42  12.05            0.83         0.86     0.84             0.76             0.73          0.54          0.45  1.14   0.70
3002815            8.13   8.10            0.88         0.85     0.87             0.77             0.79          0.36          0.47  1.14   0.73
3017365           12.73  17.97            0.81         0.79     0.80             0.63             0.65          0.58          0.66  0.84   0.57
3116006           15.35  17.40            0.78         0.75     0.76             0.63             0.65          0.65          0.77  0.97   0.58
3132933            6.74   6.64            0.90         0.87     0.88             0.77             0.81          0.30          0.42  1.14   0.76
3143814            4.37   6.51            0.93         0.93     0.93             0.88             0.89          0.23          0.27  1.22   0.83
3143841           12.61  13.81            0.83         0.81     0.82             0.71             0.73          0.52          0.60  1.11   0.67
3150359            7.10   9.81            0.89         0.88     0.88             0.80             0.81          0.35          0.41  1.15   0.75
3162464           10.85  11.97            0.84         0.81     0.83             0.70             0.74          0.48          0.62  0.99   0.65
3186725            4.68   5.12            0.93         0.92     0.92             0.88             0.88          0.25          0.28  1.31   0.83
3228806           11.17  12.96            0.82         0.79     0.80             0.66             0.69          0.55          0.68  0.90   0.60
3229783           14.19  14.16            0.78         0.76     0.77             0.64             0.66          0.66          0.74  1.09   0.61
3242986            5.88   6.18            0.91         0.90     0.90             0.84             0.86          0.27          0.36  1.30   0.80
3249078           10.41  11.72            0.84         0.83     0.84             0.75             0.76          0.50          0.54  1.20   0.70
3303284            5.25   5.37            0.92         0.91     0.91             0.85             0.87          0.25          0.34  1.26   0.81
3334594           11.32  11.24            0.86         0.82     0.84             0.73             0.77          0.38          0.48  1.20   0.73
3340696            5.60   6.98            0.91         0.91     0.91             0.85             0.84          0.33          0.31  1.11   0.78
3369472           12.85  13.21            0.82         0.78     0.80             0.63             0.67          0.51          0.64  0.97   0.63
3385730            6.59   8.23            0.90         0.89     0.89             0.82             0.82          0.32          0.35  1.17   0.78
3396231            9.99  13.76            0.85         0.84     0.85             0.75             0.76          0.45          0.52  1.04   0.68
3399073            6.59   8.62            0.89         0.89     0.89             0.79             0.79          0.36          0.38  1.02   0.73
3407875           13.22  13.86            0.80         0.77     0.78             0.63             0.66          0.62          0.73  0.93   0.58
3413937            6.03   8.65            0.91         0.90     0.91             0.80             0.81          0.28          0.33  0.96   0.76
3433042           12.06  11.51            0.85         0.83     0.84             0.75             0.77          0.46          0.54  1.19   0.70
3442734            9.47  14.14            0.86         0.84     0.85             0.68             0.69          0.39          0.48  0.84   0.66
3447838            8.24   8.68            0.86         0.84     0.85             0.76             0.78          0.42          0.51  1.15   0.71
3499432           16.93  18.82            0.76         0.73     0.75             0.60             0.63          0.68          0.76  1.00   0.58
3519376            8.62   8.71            0.90         0.88     0.89             0.81             0.84          0.31          0.42  1.23   0.77
3547532           12.63  14.14            0.79         0.77     0.78             0.62             0.64          0.59          0.65  0.96   0.61
3551307           12.12  11.54            0.82         0.79     0.80             0.69             0.72          0.48          0.56  1.22   0.70
3563865            4.42   4.59            0.90         0.91     0.91             0.86             0.85          0.34          0.30  1.35   0.81
3618325           16.13  15.70            0.80         0.76     0.78             0.64             0.69          0.60          0.73  1.00   0.60
3660167            5.21   5.25            0.91         0.90     0.91             0.85             0.86          0.28          0.34  1.35   0.81
3674900           14.47  14.64            0.74         0.76     0.75             0.61             0.59          0.71          0.70  0.91   0.56
367510             5.29   7.06            0.91         0.91     0.91             0.83             0.83          0.28          0.31  1.11   0.79
3676874           21.06  23.56            0.76         0.69     0.72             0.49             0.55          0.64          0.81  0.76   0.51
3683686           13.42  12.96            0.85         0.76     0.80             0.64             0.74          0.44          0.69  1.01   0.64
3704252            9.33  11.27            0.87         0.86     0.87             0.79             0.81          0.42          0.48  1.17   0.72
3729840            8.77   9.63            0.88         0.88     0.88             0.82             0.81          0.36          0.35  1.26   0.78
3782060           14.03  14.21            0.85         0.77     0.81             0.63             0.74          0.43          0.72  0.91   0.62
3785595           12.74  16.07            0.79         0.82     0.81             0.70             0.67          0.66          0.56  1.01   0.62
3801058            8.54   9.80            0.91         0.86     0.89             0.78             0.86          0.29          0.46  1.18   0.76
3819695            4.98   6.19            0.92         0.92     0.92             0.86             0.86          0.27          0.27  1.27   0.83
3827529            9.04   8.43            0.90         0.84     0.87             0.66             0.75          0.27          0.47  0.84   0.70
3836246           47.93  70.70            0.88         0.49     0.63             0.20             0.52          0.36          1.30  0.34   0.32
3852482            6.79   7.67            0.90         0.90     0.90             0.85             0.85          0.33          0.35  1.32   0.80
3881193           10.87  15.44            0.83         0.83     0.83             0.71             0.71          0.52          0.55  1.04   0.66
3900331            7.05   7.70            0.88         0.88     0.88             0.82             0.82          0.41          0.40  1.34   0.77
3914251           19.52  25.05            0.78         0.69     0.73             0.47             0.53          0.63          0.89  0.65   0.47
3916744            7.49   7.54            0.88         0.86     0.87             0.79             0.81          0.39          0.45  1.30   0.76
3966309            7.38   8.12            0.89         0.88     0.89             0.82             0.83          0.33          0.38  1.18   0.77
3989817            5.96   7.14            0.90         0.90     0.90             0.84             0.84          0.32          0.33  1.16   0.78
400579             4.78   8.20            0.91         0.91     0.91             0.77             0.77          0.28          0.33  0.84   0.73
435734             5.11  14.06            0.92         0.92     0.92             0.77             0.78          0.26          0.27  0.69   0.72
496877             9.06  11.52            0.86         0.84     0.85             0.68             0.71          0.42          0.51  0.85   0.64
704335             4.35   8.35            0.94         0.92     0.93             0.76             0.78          0.19          0.26  0.65   0.74
785124             4.75   6.80            0.92         0.92     0.92             0.83             0.82          0.27          0.28  1.01   0.79
801f6925081bf010  14.64  45.01            0.88         0.76     0.82             0.56             0.71          0.33          0.72  0.68   0.57
837ce411f58894b0  28.58  50.21            0.67         0.86     0.76             0.77             0.52          0.76          0.40  1.02   0.64
8380c810f4ce9771  16.84  45.36            0.89         0.75     0.81             0.56             0.75          0.31          0.75  0.75   0.59
839621             4.28  18.15            0.93         0.93     0.93             0.76             0.76          0.20          0.23  0.58   0.73
83ab3288a3c1438b  20.84  49.81            0.88         0.73     0.80             0.51             0.71          0.35          0.79  0.69   0.56
8646883dc89152ae   7.76   7.84            0.94         0.86     0.90             0.76             0.88          0.16          0.42  0.97   0.77
874589            13.22  13.05            0.81         0.84     0.82             0.76             0.71          0.60          0.48  1.13   0.68
879575             9.38  15.79            0.85         0.85     0.85             0.66             0.67          0.47          0.50  0.77   0.61
89046d28186c2316   5.00   5.09            0.93         0.91     0.92             0.85             0.87          0.23          0.29  1.12   0.81
8f3d99482aa44b5e   9.95  39.98            0.92         0.83     0.87             0.71             0.84          0.22          0.50  0.93   0.73
935fce76c73c96fa   7.48  40.39            0.91         0.88     0.90             0.72             0.77          0.23          0.36  0.77   0.73
94a79a8a18ae9019   8.12  38.84            0.93         0.86     0.89             0.75             0.86          0.20          0.40  0.93   0.76
95a5b8556ceb24f7  12.88  45.07            0.90         0.79     0.84             0.43             0.64          0.30          0.56  0.46   0.53
978a0ace704d95ff  11.98  15.55            0.89         0.80     0.84             0.52             0.67          0.35          0.55  0.55   0.55
99f9e156e81245c8  18.23  45.48            0.87         0.71     0.78             0.53             0.75          0.36          0.86  0.78   0.57
9a019092b1a0806b  23.06  51.84            0.86         0.70     0.77             0.45             0.64          0.40          0.88  0.59   0.49
9b1e406f3df1ad1a  37.01  66.92            0.58         0.70     0.63             0.53             0.39          1.09          0.84  0.82   0.46
9cb4d901fd2d960b  51.87  76.01            0.46         0.62     0.53             0.27             0.15          1.30          1.01  0.34   0.23
9cfaa03f15fa30e9  20.32  52.72            0.85         0.81     0.83             0.57             0.61          0.43          0.59  0.69   0.58
a19bf8d872eeb315   5.42  20.47            0.94         0.90     0.92             0.56             0.59          0.15          0.31  0.30   0.57
a2935ff68d7b6682  11.24  42.05            0.94         0.80     0.87             0.51             0.77          0.18          0.56  0.54   0.61
a31498db851a4912  39.59  53.15            0.55         0.84     0.66             0.68             0.36          1.07          0.46  0.79   0.52
a5ea2b0179bb3bdd   6.76   8.02            0.95         0.88     0.91             0.65             0.81          0.13          0.36  0.59   0.71
a83fad398eb5cf8c  10.56  11.92            0.90         0.81     0.86             0.67             0.81          0.27          0.54  0.83   0.68
a8e028e5d80f453b   8.65  39.35            0.92         0.87     0.90             0.73             0.82          0.22          0.42  0.86   0.73
b2b7bf7c2ba9cda0   9.05  42.68            0.91         0.85     0.88             0.60             0.71          0.25          0.49  0.61   0.63
b56fb5b70d2639e8   3.68   3.75            0.96         0.93     0.95             0.87             0.93          0.10          0.23  1.01   0.86
bb5588f9728d9610  18.68  48.98            0.86         0.71     0.78             0.43             0.63          0.41          0.86  0.56   0.48
bc4ea3bf5c70b3f2  48.52  61.37            0.48         0.72     0.58             0.41             0.18          1.16          0.77  0.47   0.33
*** OVERALL ***   12.03  19.03            0.85         0.82     0.83             0.82             0.85          0.44          0.55  8.15   0.94
